{
  "Cucumber Features": {
    "coverage": {
      "/CSD/ejercicio7/app.rb": {
        "lines": [
          1,
          1,
          1,
          1,
          null,
          1,
          0,
          0,
          null,
          null,
          1,
          3,
          3,
          null,
          null,
          1,
          2,
          2,
          null,
          1,
          null
        ]
      },
      "/CSD/ejercicio7/config.rb": {
        "lines": [
          null,
          1,
          null,
          1,
          1,
          1,
          null,
          null,
          1,
          1,
          1
        ]
      },
      "/CSD/ejercicio7/lib/toque_y_fama.rb": {
        "lines": [
          1,
          null,
          1,
          3,
          3,
          null,
          null,
          1,
          3,
          null,
          null,
          1,
          2,
          1,
          null,
          1,
          null,
          null,
          null,
          1,
          1,
          1,
          1,
          1,
          0,
          null,
          null,
          0,
          null,
          null,
          null
        ]
      },
      "/CSD/ejercicio7/features/step_definitions/my_steps.rb": {
        "lines": [
          null,
          1,
          3,
          null,
          null,
          1,
          1,
          null,
          null,
          1,
          2,
          2,
          null,
          null,
          1,
          2,
          null
        ]
      },
      "/CSD/ejercicio7/features/step_definitions/template_steps.rb": {
        "lines": [
          1,
          0,
          null,
          null,
          1,
          0,
          null,
          null,
          1,
          0,
          null,
          null,
          1,
          0,
          null,
          null,
          1,
          0,
          null,
          null,
          1,
          0,
          null,
          null,
          1,
          0,
          null,
          null,
          1,
          0,
          null,
          null,
          null,
          null,
          1,
          0,
          null,
          null,
          null,
          null,
          1,
          0,
          0,
          null,
          null,
          null,
          null,
          null,
          null,
          null,
          null,
          null,
          null,
          null,
          null,
          null
        ]
      }
    },
    "timestamp": 1618252078
  },
  "RSpec": {
    "coverage": {
      "/CSD/ejercicio7/spec/toque_y_fama_spec.rb": {
        "lines": [
          1,
          null,
          1,
          null,
          1,
          1,
          1,
          null,
          null,
          1,
          1,
          1,
          null,
          null,
          1,
          1,
          1,
          null,
          null,
          1,
          1,
          1,
          null,
          null,
          1,
          1,
          1,
          1,
          1,
          9999,
          null,
          1,
          null,
          null,
          null
        ]
      },
      "/CSD/ejercicio7/lib/toque_y_fama.rb": {
        "lines": [
          1,
          null,
          1,
          5,
          5,
          null,
          null,
          1,
          6,
          null,
          null,
          1,
          10004,
          3,
          null,
          10001,
          null,
          null,
          null,
          1,
          10001,
          10001,
          10001,
          40004,
          19776,
          null,
          null,
          10001,
          null,
          null,
          null
        ]
      }
    },
    "timestamp": 1618252534
  }
}
